<?xml version="1.0" encoding="UTF-8"?>
<!-- Generated by org.testng.reporters.JUnitReportReporter -->
<testsuite hostname="LM-SJN-00874273" name="example.NewTest" tests="1" failures="0" timestamp="20 Feb 2017 05:29:17 GMT" time="7.870" errors="0">
  <testcase name="testEasy" time="7.870" classname="example.NewTest"/>
</testsuite> <!-- example.NewTest -->
