<?xml version="1.0" encoding="UTF-8"?>
<!-- Generated by org.testng.reporters.JUnitReportReporter -->
<testsuite hostname="LM-SJN-00874273" name="example.NewTest" tests="1" failures="0" timestamp="20 Feb 2017 05:32:40 GMT" time="8.087" errors="0">
  <testcase name="testEasy" time="8.087" classname="example.NewTest"/>
</testsuite> <!-- example.NewTest -->
